2024-11-07 22:38:21 [main] INFO  stepDefinitions.ui.SearchPageSteps - Launching 'We Buy Any Car' website.
2024-11-07 22:38:21 [main] INFO  com.ui.pages.CommonPage - Handling consent pop-up.
2024-11-07 22:38:21 [main] INFO  com.ui.pages.CommonPage - Consent accepted.
2024-11-07 22:38:22 [main] INFO  stepDefinitions.ui.SearchPageSteps - Searching car details with registration: SE06PPK and mileage: 10000
2024-11-07 22:38:22 [main] INFO  com.ui.pages.CommonPage - Initiating vehicle search with registration: SE06PPK and mileage: 10000
2024-11-07 22:39:33 [main] INFO  com.ui.pages.CommonPage - No consent pop-up visible.
2024-11-07 22:39:33 [main] INFO  stepDefinitions.ui.SearchPageSteps - Verifying car details for registration number: SE06PPK
2024-11-07 22:39:33 [main] INFO  com.ui.pages.CommonPage - Fetching car details for variant: SE06PPK and saving to file: car_output.txt
2024-11-07 22:39:33 [main] INFO  com.ui.pages.CommonPage - Reading vehicle details from file: car_output.txt for variant registration: SE06PPK
2024-11-07 22:39:33 [main] INFO  stepDefinitions.ui.SearchPageSteps - Car details saved to file: car_output.txt
2024-11-07 22:39:33 [main] INFO  stepDefinitions.ui.SearchPageSteps - Comparing car details from file with car resale website values.
2024-11-07 22:39:33 [main] INFO  com.ui.pages.CommonPage - Comparing actual vehicle details with expected details from file.
2024-11-07 22:39:33 [main] INFO  com.ui.pages.CommonPage - Registration number matches.
2024-11-07 22:39:33 [main] INFO  com.ui.pages.CommonPage - Manufacturer matches.
2024-11-07 22:39:33 [main] INFO  com.ui.pages.CommonPage - Model matches.
2024-11-07 22:39:33 [main] INFO  com.ui.pages.CommonPage - Year matches.
2024-11-07 22:39:33 [main] INFO  com.ui.pages.CommonPage - All vehicle details successfully matched.
2024-11-07 22:39:33 [main] INFO  stepDefinitions.ui.SearchPageSteps - Comparison of car details completed.
2024-11-07 22:39:34 [main] INFO  stepDefinitions.support.ui.Hooks - Execution Completed for the scenario Car validations for re-sale cars
2024-11-07 22:39:36 [main] INFO  stepDefinitions.ui.SearchPageSteps - Launching 'We Buy Any Car' website.
2024-11-07 22:39:36 [main] INFO  com.ui.pages.CommonPage - Handling consent pop-up.
2024-11-07 22:39:36 [main] INFO  com.ui.pages.CommonPage - Consent accepted.
2024-11-07 22:39:38 [main] INFO  stepDefinitions.ui.SearchPageSteps - Searching car details with registration: TJ07KFT and mileage: 10000
2024-11-07 22:39:38 [main] INFO  com.ui.pages.CommonPage - Initiating vehicle search with registration: TJ07KFT and mileage: 10000
2024-11-07 22:40:48 [main] INFO  com.ui.pages.CommonPage - No consent pop-up visible.
2024-11-07 22:40:48 [main] INFO  stepDefinitions.ui.SearchPageSteps - Verifying car details for registration number: TJ07KFT
2024-11-07 22:40:48 [main] INFO  com.ui.pages.CommonPage - Fetching car details for variant: TJ07KFT and saving to file: car_output.txt
2024-11-07 22:40:48 [main] INFO  com.ui.pages.CommonPage - Reading vehicle details from file: car_output.txt for variant registration: TJ07KFT
2024-11-07 22:40:48 [main] WARN  com.ui.pages.CommonPage - No details found in file for variant registration: TJ07KFT
2024-11-07 22:40:48 [main] WARN  com.ui.pages.CommonPage - No vehicle found for variant: TJ07KFT
2024-11-07 22:40:49 [main] INFO  stepDefinitions.ui.SearchPageSteps - Car details saved to file: car_output.txt
2024-11-07 22:40:49 [main] INFO  stepDefinitions.ui.SearchPageSteps - Comparing car details from file with car resale website values.
2024-11-07 22:40:49 [main] INFO  com.ui.pages.CommonPage - Comparing actual vehicle details with expected details from file.
2024-11-07 22:40:49 [main] INFO  stepDefinitions.support.ui.Hooks - Execution Completed for the scenario Car validations for re-sale cars
2024-11-07 22:40:52 [main] INFO  stepDefinitions.ui.SearchPageSteps - Launching 'We Buy Any Car' website.
2024-11-07 22:40:52 [main] INFO  com.ui.pages.CommonPage - Handling consent pop-up.
2024-11-07 22:40:53 [main] INFO  com.ui.pages.CommonPage - Consent accepted.
2024-11-07 22:40:55 [main] INFO  stepDefinitions.ui.SearchPageSteps - Searching car details with registration: FD66YXH and mileage: 15000
2024-11-07 22:40:55 [main] INFO  com.ui.pages.CommonPage - Initiating vehicle search with registration: FD66YXH and mileage: 15000
2024-11-07 22:42:06 [main] INFO  com.ui.pages.CommonPage - No consent pop-up visible.
2024-11-07 22:42:06 [main] INFO  stepDefinitions.ui.SearchPageSteps - Verifying car details for registration number: FD66YXH
2024-11-07 22:42:06 [main] INFO  com.ui.pages.CommonPage - Fetching car details for variant: FD66YXH and saving to file: car_output.txt
2024-11-07 22:42:06 [main] INFO  com.ui.pages.CommonPage - Reading vehicle details from file: car_output.txt for variant registration: FD66YXH
2024-11-07 22:42:06 [main] WARN  com.ui.pages.CommonPage - No details found in file for variant registration: FD66YXH
2024-11-07 22:42:06 [main] WARN  com.ui.pages.CommonPage - No vehicle found for variant: FD66YXH
2024-11-07 22:42:06 [main] INFO  stepDefinitions.ui.SearchPageSteps - Car details saved to file: car_output.txt
2024-11-07 22:42:06 [main] INFO  stepDefinitions.ui.SearchPageSteps - Comparing car details from file with car resale website values.
2024-11-07 22:42:06 [main] INFO  com.ui.pages.CommonPage - Comparing actual vehicle details with expected details from file.
2024-11-07 22:42:07 [main] INFO  stepDefinitions.support.ui.Hooks - Execution Completed for the scenario Car validations for re-sale cars
2024-11-07 22:42:18 [main] INFO  stepDefinitions.ui.SearchPageSteps - Launching 'We Buy Any Car' website.
2024-11-07 22:42:18 [main] INFO  com.ui.pages.CommonPage - Handling consent pop-up.
2024-11-07 22:42:18 [main] INFO  com.ui.pages.CommonPage - Consent accepted.
2024-11-07 22:42:21 [main] INFO  stepDefinitions.ui.SearchPageSteps - Searching car details with registration: PF59FBC and mileage: 16000
2024-11-07 22:42:21 [main] INFO  com.ui.pages.CommonPage - Initiating vehicle search with registration: PF59FBC and mileage: 16000
2024-11-07 22:43:31 [main] INFO  com.ui.pages.CommonPage - No consent pop-up visible.
2024-11-07 22:43:31 [main] INFO  stepDefinitions.ui.SearchPageSteps - Verifying car details for registration number: PF59FBC
2024-11-07 22:43:31 [main] INFO  com.ui.pages.CommonPage - Fetching car details for variant: PF59FBC and saving to file: car_output.txt
2024-11-07 22:43:31 [main] INFO  com.ui.pages.CommonPage - Reading vehicle details from file: car_output.txt for variant registration: PF59FBC
2024-11-07 22:43:31 [main] WARN  com.ui.pages.CommonPage - No details found in file for variant registration: PF59FBC
2024-11-07 22:43:31 [main] WARN  com.ui.pages.CommonPage - No vehicle found for variant: PF59FBC
2024-11-07 22:43:31 [main] INFO  stepDefinitions.ui.SearchPageSteps - Car details saved to file: car_output.txt
2024-11-07 22:43:32 [main] INFO  stepDefinitions.ui.SearchPageSteps - Comparing car details from file with car resale website values.
2024-11-07 22:43:32 [main] INFO  com.ui.pages.CommonPage - Comparing actual vehicle details with expected details from file.
2024-11-07 22:43:32 [main] INFO  stepDefinitions.support.ui.Hooks - Execution Completed for the scenario Car validations for re-sale cars
2024-11-07 22:43:58 [main] INFO  stepDefinitions.ui.SearchPageSteps - Launching 'We Buy Any Car' website.
2024-11-07 22:43:58 [main] INFO  com.ui.pages.CommonPage - Handling consent pop-up.
2024-11-07 22:43:58 [main] INFO  com.ui.pages.CommonPage - Consent accepted.
2024-11-07 22:44:01 [main] INFO  stepDefinitions.ui.SearchPageSteps - Searching car details with registration: SE06PPK and mileage: 10000
2024-11-07 22:44:01 [main] INFO  com.ui.pages.CommonPage - Initiating vehicle search with registration: SE06PPK and mileage: 10000
2024-11-07 22:45:11 [main] INFO  com.ui.pages.CommonPage - No consent pop-up visible.
2024-11-07 22:45:11 [main] INFO  stepDefinitions.ui.SearchPageSteps - Verifying car details for registration number: SE06PPK
2024-11-07 22:45:11 [main] INFO  com.ui.pages.CommonPage - Fetching car details for variant: SE06PPK and saving to file: car_output.txt
2024-11-07 22:45:11 [main] INFO  com.ui.pages.CommonPage - Reading vehicle details from file: car_output.txt for variant registration: SE06PPK
2024-11-07 22:45:11 [main] INFO  stepDefinitions.ui.SearchPageSteps - Car details saved to file: car_output.txt
2024-11-07 22:45:11 [main] INFO  stepDefinitions.ui.SearchPageSteps - Comparing car details from file with car resale website values.
2024-11-07 22:45:11 [main] INFO  com.ui.pages.CommonPage - Comparing actual vehicle details with expected details from file.
2024-11-07 22:45:11 [main] INFO  com.ui.pages.CommonPage - Registration number matches.
2024-11-07 22:45:11 [main] INFO  com.ui.pages.CommonPage - Manufacturer matches.
2024-11-07 22:45:11 [main] INFO  com.ui.pages.CommonPage - Model matches.
2024-11-07 22:45:11 [main] INFO  com.ui.pages.CommonPage - Year matches.
2024-11-07 22:45:11 [main] INFO  com.ui.pages.CommonPage - All vehicle details successfully matched.
2024-11-07 22:45:11 [main] INFO  stepDefinitions.ui.SearchPageSteps - Comparison of car details completed.
2024-11-07 22:45:12 [main] INFO  stepDefinitions.support.ui.Hooks - Execution Completed for the scenario Car validations for re-sale cars
2024-11-07 22:45:18 [main] INFO  stepDefinitions.ui.SearchPageSteps - Launching 'We Buy Any Car' website.
2024-11-07 22:45:18 [main] INFO  com.ui.pages.CommonPage - Handling consent pop-up.
2024-11-07 22:45:22 [main] INFO  com.ui.pages.CommonPage - Consent accepted.
2024-11-07 22:45:22 [main] INFO  stepDefinitions.ui.SearchPageSteps - Searching car details with registration: TJ07KFT and mileage: 10000
2024-11-07 22:45:22 [main] INFO  com.ui.pages.CommonPage - Initiating vehicle search with registration: TJ07KFT and mileage: 10000
2024-11-07 22:46:32 [main] INFO  com.ui.pages.CommonPage - No consent pop-up visible.
2024-11-07 22:46:32 [main] INFO  stepDefinitions.ui.SearchPageSteps - Verifying car details for registration number: TJ07KFT
2024-11-07 22:46:32 [main] INFO  com.ui.pages.CommonPage - Fetching car details for variant: TJ07KFT and saving to file: car_output.txt
2024-11-07 22:46:32 [main] INFO  com.ui.pages.CommonPage - Reading vehicle details from file: car_output.txt for variant registration: TJ07KFT
2024-11-07 22:46:32 [main] WARN  com.ui.pages.CommonPage - No details found in file for variant registration: TJ07KFT
2024-11-07 22:46:32 [main] WARN  com.ui.pages.CommonPage - No vehicle found for variant: TJ07KFT
2024-11-07 22:46:32 [main] INFO  stepDefinitions.ui.SearchPageSteps - Car details saved to file: car_output.txt
2024-11-07 22:46:33 [main] INFO  stepDefinitions.ui.SearchPageSteps - Comparing car details from file with car resale website values.
2024-11-07 22:46:33 [main] INFO  com.ui.pages.CommonPage - Comparing actual vehicle details with expected details from file.
2024-11-07 22:46:33 [main] INFO  stepDefinitions.support.ui.Hooks - Execution Completed for the scenario Car validations for re-sale cars
2024-11-07 22:46:34 [main] INFO  stepDefinitions.ui.SearchPageSteps - Launching 'We Buy Any Car' website.
2024-11-07 22:46:34 [main] INFO  com.ui.pages.CommonPage - Handling consent pop-up.
2024-11-07 22:46:35 [main] INFO  com.ui.pages.CommonPage - Consent accepted.
2024-11-07 22:46:38 [main] INFO  stepDefinitions.ui.SearchPageSteps - Searching car details with registration: FD66YXH and mileage: 15000
2024-11-07 22:46:38 [main] INFO  com.ui.pages.CommonPage - Initiating vehicle search with registration: FD66YXH and mileage: 15000
2024-11-07 22:47:48 [main] INFO  com.ui.pages.CommonPage - No consent pop-up visible.
2024-11-07 22:47:48 [main] INFO  stepDefinitions.ui.SearchPageSteps - Verifying car details for registration number: FD66YXH
2024-11-07 22:47:48 [main] INFO  com.ui.pages.CommonPage - Fetching car details for variant: FD66YXH and saving to file: car_output.txt
2024-11-07 22:47:48 [main] INFO  com.ui.pages.CommonPage - Reading vehicle details from file: car_output.txt for variant registration: FD66YXH
2024-11-07 22:47:48 [main] WARN  com.ui.pages.CommonPage - No details found in file for variant registration: FD66YXH
2024-11-07 22:47:48 [main] WARN  com.ui.pages.CommonPage - No vehicle found for variant: FD66YXH
2024-11-07 22:47:48 [main] INFO  stepDefinitions.ui.SearchPageSteps - Car details saved to file: car_output.txt
2024-11-07 22:47:49 [main] INFO  stepDefinitions.ui.SearchPageSteps - Comparing car details from file with car resale website values.
2024-11-07 22:47:49 [main] INFO  com.ui.pages.CommonPage - Comparing actual vehicle details with expected details from file.
2024-11-07 22:47:49 [main] INFO  stepDefinitions.support.ui.Hooks - Execution Completed for the scenario Car validations for re-sale cars
2024-11-07 22:47:56 [main] INFO  stepDefinitions.ui.SearchPageSteps - Launching 'We Buy Any Car' website.
2024-11-07 22:47:56 [main] INFO  com.ui.pages.CommonPage - Handling consent pop-up.
2024-11-07 22:47:56 [main] INFO  com.ui.pages.CommonPage - Consent accepted.
2024-11-07 22:47:59 [main] INFO  stepDefinitions.ui.SearchPageSteps - Searching car details with registration: PF59FBC and mileage: 16000
2024-11-07 22:47:59 [main] INFO  com.ui.pages.CommonPage - Initiating vehicle search with registration: PF59FBC and mileage: 16000
2024-11-07 22:49:10 [main] INFO  com.ui.pages.CommonPage - No consent pop-up visible.
2024-11-07 22:49:10 [main] INFO  stepDefinitions.ui.SearchPageSteps - Verifying car details for registration number: PF59FBC
2024-11-07 22:49:10 [main] INFO  com.ui.pages.CommonPage - Fetching car details for variant: PF59FBC and saving to file: car_output.txt
2024-11-07 22:49:10 [main] INFO  com.ui.pages.CommonPage - Reading vehicle details from file: car_output.txt for variant registration: PF59FBC
2024-11-07 22:49:10 [main] WARN  com.ui.pages.CommonPage - No details found in file for variant registration: PF59FBC
2024-11-07 22:49:10 [main] WARN  com.ui.pages.CommonPage - No vehicle found for variant: PF59FBC
2024-11-07 22:49:10 [main] INFO  stepDefinitions.ui.SearchPageSteps - Car details saved to file: car_output.txt
2024-11-07 22:49:10 [main] INFO  stepDefinitions.ui.SearchPageSteps - Comparing car details from file with car resale website values.
2024-11-07 22:49:10 [main] INFO  com.ui.pages.CommonPage - Comparing actual vehicle details with expected details from file.
2024-11-07 22:49:11 [main] INFO  stepDefinitions.support.ui.Hooks - Execution Completed for the scenario Car validations for re-sale cars
2024-11-07 22:52:55 [main] INFO  stepDefinitions.ui.SearchPageSteps - Launching 'We Buy Any Car' website.
2024-11-07 22:52:55 [main] INFO  com.ui.pages.CommonPage - Handling consent pop-up.
2024-11-07 22:52:55 [main] INFO  com.ui.pages.CommonPage - Consent accepted.
2024-11-07 22:52:57 [main] INFO  stepDefinitions.ui.SearchPageSteps - Searching car details with registration: SE06PPK and mileage: 10000
2024-11-07 22:52:57 [main] INFO  com.ui.pages.CommonPage - Initiating vehicle search with registration: SE06PPK and mileage: 10000
2024-11-07 22:54:07 [main] INFO  com.ui.pages.CommonPage - No consent pop-up visible.
2024-11-07 22:54:08 [main] INFO  stepDefinitions.ui.SearchPageSteps - Verifying car details for registration number: SE06PPK
2024-11-07 22:54:08 [main] INFO  com.ui.pages.CommonPage - Fetching car details for variant: SE06PPK and saving to file: car_output.txt
2024-11-07 22:54:08 [main] INFO  com.ui.pages.CommonPage - Reading vehicle details from file: car_output.txt for variant registration: SE06PPK
2024-11-07 22:54:08 [main] INFO  stepDefinitions.ui.SearchPageSteps - Car details saved to file: car_output.txt
2024-11-07 22:54:08 [main] INFO  stepDefinitions.ui.SearchPageSteps - Comparing car details from file with car resale website values.
2024-11-07 22:54:08 [main] INFO  com.ui.pages.CommonPage - Comparing actual vehicle details with expected details from file.
2024-11-07 22:54:08 [main] INFO  com.ui.pages.CommonPage - Registration number matches.
2024-11-07 22:54:08 [main] INFO  com.ui.pages.CommonPage - Manufacturer matches.
2024-11-07 22:54:08 [main] INFO  com.ui.pages.CommonPage - Model matches.
2024-11-07 22:54:08 [main] INFO  com.ui.pages.CommonPage - Year matches.
2024-11-07 22:54:08 [main] INFO  com.ui.pages.CommonPage - All vehicle details successfully matched.
2024-11-07 22:54:08 [main] INFO  stepDefinitions.ui.SearchPageSteps - Comparison of car details completed.
2024-11-07 22:54:09 [main] INFO  stepDefinitions.support.ui.Hooks - Execution Completed for the scenario Car validations for re-sale cars
2024-11-07 22:54:10 [main] INFO  stepDefinitions.ui.SearchPageSteps - Launching 'We Buy Any Car' website.
2024-11-07 22:54:10 [main] INFO  com.ui.pages.CommonPage - Handling consent pop-up.
2024-11-07 22:54:11 [main] INFO  com.ui.pages.CommonPage - Consent accepted.
2024-11-07 22:54:13 [main] INFO  stepDefinitions.ui.SearchPageSteps - Searching car details with registration: TJ07KFT and mileage: 10000
2024-11-07 22:54:13 [main] INFO  com.ui.pages.CommonPage - Initiating vehicle search with registration: TJ07KFT and mileage: 10000
2024-11-07 22:55:24 [main] INFO  com.ui.pages.CommonPage - No consent pop-up visible.
2024-11-07 22:55:24 [main] INFO  stepDefinitions.ui.SearchPageSteps - Verifying car details for registration number: TJ07KFT
2024-11-07 22:55:24 [main] INFO  com.ui.pages.CommonPage - Fetching car details for variant: TJ07KFT and saving to file: car_output.txt
2024-11-07 22:55:24 [main] INFO  com.ui.pages.CommonPage - Reading vehicle details from file: car_output.txt for variant registration: TJ07KFT
2024-11-07 22:55:24 [main] WARN  com.ui.pages.CommonPage - No details found in file for variant registration: TJ07KFT
2024-11-07 22:55:24 [main] WARN  com.ui.pages.CommonPage - No vehicle found for variant: TJ07KFT
2024-11-07 22:55:24 [main] INFO  stepDefinitions.ui.SearchPageSteps - Car details saved to file: car_output.txt
2024-11-07 22:55:24 [main] INFO  stepDefinitions.ui.SearchPageSteps - Comparing car details from file with car resale website values.
2024-11-07 22:55:24 [main] INFO  com.ui.pages.CommonPage - Comparing actual vehicle details with expected details from file.
2024-11-07 22:55:25 [main] INFO  stepDefinitions.support.ui.Hooks - Execution Completed for the scenario Car validations for re-sale cars
2024-11-07 22:55:30 [main] INFO  stepDefinitions.ui.SearchPageSteps - Launching 'We Buy Any Car' website.
2024-11-07 22:55:30 [main] INFO  com.ui.pages.CommonPage - Handling consent pop-up.
2024-11-07 22:55:34 [main] INFO  com.ui.pages.CommonPage - Consent accepted.
2024-11-07 22:55:35 [main] INFO  stepDefinitions.ui.SearchPageSteps - Searching car details with registration: FD66YXH and mileage: 15000
2024-11-07 22:55:35 [main] INFO  com.ui.pages.CommonPage - Initiating vehicle search with registration: FD66YXH and mileage: 15000
2024-11-07 22:56:45 [main] INFO  com.ui.pages.CommonPage - No consent pop-up visible.
2024-11-07 22:56:45 [main] INFO  stepDefinitions.ui.SearchPageSteps - Verifying car details for registration number: FD66YXH
2024-11-07 22:56:45 [main] INFO  com.ui.pages.CommonPage - Fetching car details for variant: FD66YXH and saving to file: car_output.txt
2024-11-07 22:56:45 [main] INFO  com.ui.pages.CommonPage - Reading vehicle details from file: car_output.txt for variant registration: FD66YXH
2024-11-07 22:56:45 [main] WARN  com.ui.pages.CommonPage - No details found in file for variant registration: FD66YXH
2024-11-07 22:56:45 [main] WARN  com.ui.pages.CommonPage - No vehicle found for variant: FD66YXH
2024-11-07 22:56:45 [main] INFO  stepDefinitions.ui.SearchPageSteps - Car details saved to file: car_output.txt
2024-11-07 22:56:45 [main] INFO  stepDefinitions.ui.SearchPageSteps - Comparing car details from file with car resale website values.
2024-11-07 22:56:45 [main] INFO  com.ui.pages.CommonPage - Comparing actual vehicle details with expected details from file.
2024-11-07 22:56:46 [main] INFO  stepDefinitions.support.ui.Hooks - Execution Completed for the scenario Car validations for re-sale cars
2024-11-07 22:56:47 [main] INFO  stepDefinitions.ui.SearchPageSteps - Launching 'We Buy Any Car' website.
2024-11-07 22:56:47 [main] INFO  com.ui.pages.CommonPage - Handling consent pop-up.
2024-11-07 22:56:48 [main] INFO  com.ui.pages.CommonPage - Consent accepted.
2024-11-07 22:56:51 [main] INFO  stepDefinitions.ui.SearchPageSteps - Searching car details with registration: PF59FBC and mileage: 16000
2024-11-07 22:56:51 [main] INFO  com.ui.pages.CommonPage - Initiating vehicle search with registration: PF59FBC and mileage: 16000
2024-11-07 22:57:26 [main] INFO  stepDefinitions.ui.SearchPageSteps - Launching 'We Buy Any Car' website.
2024-11-07 22:57:26 [main] INFO  com.ui.pages.CommonPage - Handling consent pop-up.
2024-11-07 22:57:26 [main] INFO  com.ui.pages.CommonPage - Consent accepted.
2024-11-07 22:57:27 [main] INFO  stepDefinitions.ui.SearchPageSteps - Searching car details with registration: SE06PPK and mileage: 10000
2024-11-07 22:57:27 [main] INFO  com.ui.pages.CommonPage - Initiating vehicle search with registration: SE06PPK and mileage: 10000
2024-11-07 22:58:37 [main] INFO  com.ui.pages.CommonPage - No consent pop-up visible.
2024-11-07 22:58:37 [main] INFO  stepDefinitions.ui.SearchPageSteps - Verifying car details for registration number: SE06PPK
2024-11-07 22:58:37 [main] INFO  com.ui.pages.CommonPage - Fetching car details for variant: SE06PPK and saving to file: car_output.txt
2024-11-07 22:58:37 [main] INFO  com.ui.pages.CommonPage - Reading vehicle details from file: car_output.txt for variant registration: SE06PPK
2024-11-07 22:58:37 [main] INFO  stepDefinitions.ui.SearchPageSteps - Car details saved to file: car_output.txt
2024-11-07 22:58:38 [main] INFO  stepDefinitions.ui.SearchPageSteps - Comparing car details from file with car resale website values.
2024-11-07 22:58:38 [main] INFO  com.ui.pages.CommonPage - Comparing actual vehicle details with expected details from file.
2024-11-07 22:58:38 [main] INFO  com.ui.pages.CommonPage - Registration number matches.
2024-11-07 22:58:38 [main] INFO  com.ui.pages.CommonPage - Manufacturer matches.
2024-11-07 22:58:38 [main] INFO  com.ui.pages.CommonPage - Model matches.
2024-11-07 22:58:38 [main] INFO  com.ui.pages.CommonPage - Year matches.
2024-11-07 22:58:38 [main] INFO  com.ui.pages.CommonPage - All vehicle details successfully matched.
2024-11-07 22:58:38 [main] INFO  stepDefinitions.ui.SearchPageSteps - Comparison of car details completed.
2024-11-07 22:58:38 [main] INFO  stepDefinitions.support.ui.Hooks - Execution Completed for the scenario Car validations for re-sale cars
2024-11-07 22:58:42 [main] INFO  stepDefinitions.ui.SearchPageSteps - Launching 'We Buy Any Car' website.
2024-11-07 22:58:42 [main] INFO  com.ui.pages.CommonPage - Handling consent pop-up.
2024-11-07 22:58:42 [main] INFO  com.ui.pages.CommonPage - Consent accepted.
2024-11-07 22:58:45 [main] INFO  stepDefinitions.ui.SearchPageSteps - Searching car details with registration: TJ07KFT and mileage: 10000
2024-11-07 22:58:45 [main] INFO  com.ui.pages.CommonPage - Initiating vehicle search with registration: TJ07KFT and mileage: 10000
2024-11-07 22:59:55 [main] INFO  com.ui.pages.CommonPage - No consent pop-up visible.
2024-11-07 22:59:56 [main] INFO  stepDefinitions.ui.SearchPageSteps - Verifying car details for registration number: TJ07KFT
2024-11-07 22:59:56 [main] INFO  com.ui.pages.CommonPage - Fetching car details for variant: TJ07KFT and saving to file: car_output.txt
2024-11-07 22:59:56 [main] INFO  com.ui.pages.CommonPage - Reading vehicle details from file: car_output.txt for variant registration: TJ07KFT
2024-11-07 22:59:56 [main] WARN  com.ui.pages.CommonPage - No details found in file for variant registration: TJ07KFT
2024-11-07 22:59:56 [main] WARN  com.ui.pages.CommonPage - No vehicle found for variant: TJ07KFT
2024-11-07 22:59:56 [main] INFO  com.ui.pages.CommonPage - Reading vehicle details from file: car_output.txt for variant registration: TJ07KFT
2024-11-07 22:59:56 [main] WARN  com.ui.pages.CommonPage - No details found in file for variant registration: TJ07KFT
2024-11-07 22:59:56 [main] INFO  stepDefinitions.ui.SearchPageSteps - Car details saved to file: car_output.txt
2024-11-07 22:59:56 [main] INFO  stepDefinitions.ui.SearchPageSteps - Comparing car details from file with car resale website values.
2024-11-07 22:59:56 [main] INFO  com.ui.pages.CommonPage - Comparing actual vehicle details with expected details from file.
2024-11-07 22:59:57 [main] INFO  stepDefinitions.support.ui.Hooks - Execution Completed for the scenario Car validations for re-sale cars
2024-11-07 22:59:58 [main] INFO  stepDefinitions.ui.SearchPageSteps - Launching 'We Buy Any Car' website.
2024-11-07 22:59:58 [main] INFO  com.ui.pages.CommonPage - Handling consent pop-up.
2024-11-07 22:59:58 [main] INFO  com.ui.pages.CommonPage - Consent accepted.
2024-11-07 22:59:59 [main] INFO  stepDefinitions.ui.SearchPageSteps - Searching car details with registration: FD66YXH and mileage: 15000
2024-11-07 22:59:59 [main] INFO  com.ui.pages.CommonPage - Initiating vehicle search with registration: FD66YXH and mileage: 15000
2024-11-07 23:02:14 [main] INFO  stepDefinitions.ui.SearchPageSteps - Launching 'We Buy Any Car' website.
2024-11-07 23:02:14 [main] INFO  com.ui.pages.CommonPage - Handling consent pop-up.
2024-11-07 23:02:14 [main] INFO  com.ui.pages.CommonPage - Consent accepted.
2024-11-07 23:02:15 [main] INFO  stepDefinitions.ui.SearchPageSteps - Searching car details with registration: SE06PPK and mileage: 10000
2024-11-07 23:02:15 [main] INFO  com.ui.pages.CommonPage - Initiating vehicle search with registration: SE06PPK and mileage: 10000
2024-11-07 23:03:26 [main] INFO  com.ui.pages.CommonPage - No consent pop-up visible.
2024-11-07 23:03:26 [main] INFO  stepDefinitions.ui.SearchPageSteps - Verifying car details for registration number: SE06PPK
2024-11-07 23:03:26 [main] INFO  com.ui.pages.CommonPage - Fetching car details for variant: SE06PPK and saving to file: car_output.txt
2024-11-07 23:03:26 [main] INFO  com.ui.pages.CommonPage - Reading vehicle details from file: car_output.txt for variant registration: SE06PPK
2024-11-07 23:03:26 [main] INFO  stepDefinitions.ui.SearchPageSteps - Launching 'We Buy Any Car' website.
2024-11-07 23:03:26 [main] INFO  com.ui.pages.CommonPage - Handling consent pop-up.
2024-11-07 23:10:05 [main] INFO  stepDefinitions.ui.SearchPageSteps - Launching 'We Buy Any Car' website.
2024-11-07 23:10:05 [main] INFO  com.ui.pages.CommonPage - Handling consent pop-up.
2024-11-07 23:10:05 [main] INFO  com.ui.pages.CommonPage - Consent accepted.
2024-11-07 23:10:10 [main] INFO  stepDefinitions.ui.SearchPageSteps - Searching car details with registration: SE06PPK and mileage: 10000
2024-11-07 23:10:10 [main] INFO  com.ui.pages.CommonPage - Initiating vehicle search with registration: SE06PPK and mileage: 10000
2024-11-07 23:11:20 [main] INFO  com.ui.pages.CommonPage - No consent pop-up visible.
2024-11-07 23:11:21 [main] INFO  stepDefinitions.ui.SearchPageSteps - Verifying car details for registration number: SE06PPK
2024-11-07 23:11:21 [main] INFO  com.ui.pages.CommonPage - Fetching car details for variant: SE06PPK and saving to file: car_output.txt
2024-11-07 23:11:21 [main] INFO  com.ui.pages.CommonPage - Reading vehicle details from file: car_output.txt for variant registration: SE06PPK
2024-11-07 23:11:21 [main] INFO  stepDefinitions.ui.SearchPageSteps - Car details saved to file: car_output.txt
2024-11-07 23:11:21 [main] INFO  stepDefinitions.ui.SearchPageSteps - Comparing car details from file with car resale website values.
2024-11-07 23:11:21 [main] INFO  com.ui.pages.CommonPage - Comparing actual vehicle details with expected details from file.
2024-11-07 23:11:21 [main] INFO  com.ui.pages.CommonPage - Registration number matches.
2024-11-07 23:11:21 [main] INFO  com.ui.pages.CommonPage - Manufacturer matches.
2024-11-07 23:11:21 [main] INFO  com.ui.pages.CommonPage - Model matches.
2024-11-07 23:11:21 [main] INFO  com.ui.pages.CommonPage - Year matches.
2024-11-07 23:11:21 [main] INFO  com.ui.pages.CommonPage - All vehicle details successfully matched.
2024-11-07 23:11:21 [main] INFO  stepDefinitions.ui.SearchPageSteps - Comparison of car details completed.
2024-11-07 23:11:22 [main] INFO  stepDefinitions.support.ui.Hooks - Execution Completed for the scenario Car validations for re-sale cars
2024-11-07 23:11:22 [main] INFO  stepDefinitions.ui.SearchPageSteps - Launching 'We Buy Any Car' website.
2024-11-07 23:11:22 [main] INFO  com.ui.pages.CommonPage - Handling consent pop-up.
2024-11-07 23:11:22 [main] INFO  stepDefinitions.ui.SearchPageSteps - Launching 'We Buy Any Car' website.
2024-11-07 23:11:22 [main] INFO  com.ui.pages.CommonPage - Handling consent pop-up.
2024-11-07 23:11:22 [main] INFO  stepDefinitions.ui.SearchPageSteps - Launching 'We Buy Any Car' website.
2024-11-07 23:11:22 [main] INFO  com.ui.pages.CommonPage - Handling consent pop-up.
2024-11-07 23:12:23 [main] INFO  stepDefinitions.ui.SearchPageSteps - Launching 'We Buy Any Car' website.
2024-11-07 23:12:23 [main] INFO  com.ui.pages.CommonPage - Handling consent pop-up.
2024-11-07 23:12:23 [main] INFO  com.ui.pages.CommonPage - Consent accepted.
2024-11-07 23:12:24 [main] INFO  stepDefinitions.ui.SearchPageSteps - Searching car details with registration: SE06PPK and mileage: 10000
2024-11-07 23:12:24 [main] INFO  com.ui.pages.CommonPage - Initiating vehicle search with registration: SE06PPK and mileage: 10000
2024-11-07 23:13:34 [main] INFO  com.ui.pages.CommonPage - No consent pop-up visible.
2024-11-07 23:13:34 [main] INFO  stepDefinitions.ui.SearchPageSteps - Verifying car details for registration number: SE06PPK
2024-11-07 23:13:34 [main] INFO  com.ui.pages.CommonPage - Fetching car details for variant: SE06PPK and saving to file: car_output.txt
2024-11-07 23:13:34 [main] INFO  com.ui.pages.CommonPage - Reading vehicle details from file: car_output.txt for variant registration: SE06PPK
2024-11-07 23:13:34 [main] INFO  stepDefinitions.ui.SearchPageSteps - Car details saved to file: car_output.txt
2024-11-07 23:13:34 [main] INFO  stepDefinitions.ui.SearchPageSteps - Comparing car details from file with car resale website values.
2024-11-07 23:13:34 [main] INFO  com.ui.pages.CommonPage - Comparing actual vehicle details with expected details from file.
2024-11-07 23:13:34 [main] INFO  com.ui.pages.CommonPage - Registration number matches.
2024-11-07 23:13:34 [main] INFO  com.ui.pages.CommonPage - Manufacturer matches.
2024-11-07 23:13:34 [main] INFO  com.ui.pages.CommonPage - Model matches.
2024-11-07 23:13:34 [main] INFO  com.ui.pages.CommonPage - Year matches.
2024-11-07 23:13:34 [main] INFO  com.ui.pages.CommonPage - All vehicle details successfully matched.
2024-11-07 23:13:34 [main] INFO  stepDefinitions.ui.SearchPageSteps - Comparison of car details completed.
2024-11-07 23:13:35 [main] INFO  stepDefinitions.support.ui.Hooks - Execution Completed for the scenario Car validations for re-sale cars
2024-11-07 23:13:36 [main] INFO  stepDefinitions.ui.SearchPageSteps - Launching 'We Buy Any Car' website.
2024-11-07 23:13:36 [main] INFO  com.ui.pages.CommonPage - Handling consent pop-up.
2024-11-07 23:13:37 [main] INFO  com.ui.pages.CommonPage - Consent accepted.
2024-11-07 23:13:41 [main] INFO  stepDefinitions.ui.SearchPageSteps - Searching car details with registration: TJ07KFT and mileage: 10000
2024-11-07 23:13:41 [main] INFO  com.ui.pages.CommonPage - Initiating vehicle search with registration: TJ07KFT and mileage: 10000
2024-11-07 23:14:51 [main] INFO  com.ui.pages.CommonPage - No consent pop-up visible.
2024-11-07 23:14:51 [main] INFO  stepDefinitions.ui.SearchPageSteps - Verifying car details for registration number: TJ07KFT
2024-11-07 23:14:51 [main] INFO  com.ui.pages.CommonPage - Fetching car details for variant: TJ07KFT and saving to file: car_output.txt
2024-11-07 23:14:51 [main] INFO  com.ui.pages.CommonPage - Reading vehicle details from file: car_output.txt for variant registration: TJ07KFT
2024-11-07 23:14:51 [main] WARN  com.ui.pages.CommonPage - No details found in file for variant registration: TJ07KFT
2024-11-07 23:14:51 [main] WARN  com.ui.pages.CommonPage - No vehicle found for variant: TJ07KFT
2024-11-07 23:14:51 [main] INFO  com.ui.pages.CommonPage - Reading vehicle details from file: car_output.txt for variant registration: TJ07KFT
2024-11-07 23:14:51 [main] WARN  com.ui.pages.CommonPage - No details found in file for variant registration: TJ07KFT
2024-11-07 23:14:51 [main] INFO  stepDefinitions.ui.SearchPageSteps - Car details saved to file: car_output.txt
2024-11-07 23:14:51 [main] INFO  stepDefinitions.ui.SearchPageSteps - Comparing car details from file with car resale website values.
2024-11-07 23:14:51 [main] INFO  com.ui.pages.CommonPage - Comparing actual vehicle details with expected details from file.
2024-11-07 23:14:52 [main] INFO  stepDefinitions.support.ui.Hooks - Execution Completed for the scenario Car validations for re-sale cars
2024-11-07 23:14:53 [main] INFO  stepDefinitions.ui.SearchPageSteps - Launching 'We Buy Any Car' website.
2024-11-07 23:14:53 [main] INFO  com.ui.pages.CommonPage - Handling consent pop-up.
2024-11-07 23:14:54 [main] INFO  com.ui.pages.CommonPage - Consent accepted.
2024-11-07 23:14:57 [main] INFO  stepDefinitions.ui.SearchPageSteps - Searching car details with registration: FD66YXH and mileage: 15000
2024-11-07 23:14:57 [main] INFO  com.ui.pages.CommonPage - Initiating vehicle search with registration: FD66YXH and mileage: 15000
2024-11-07 23:17:46 [main] INFO  stepDefinitions.ui.SearchPageSteps - Launching 'We Buy Any Car' website.
2024-11-07 23:17:47 [main] INFO  com.ui.pages.CommonPage - Handling consent pop-up.
2024-11-07 23:17:47 [main] INFO  com.ui.pages.CommonPage - Consent accepted.
2024-11-07 23:17:50 [main] INFO  stepDefinitions.ui.SearchPageSteps - Searching car details with registration: SE06PPK and mileage: 10000
2024-11-07 23:17:50 [main] INFO  com.ui.pages.CommonPage - Initiating vehicle search with registration: SE06PPK and mileage: 10000
2024-11-07 23:19:00 [main] INFO  com.ui.pages.CommonPage - No consent pop-up visible.
2024-11-07 23:19:00 [main] INFO  stepDefinitions.ui.SearchPageSteps - Verifying car details for registration number: SE06PPK
2024-11-07 23:19:00 [main] INFO  com.ui.pages.CommonPage - Fetching car details for variant: SE06PPK and saving to file: car_output.txt
2024-11-07 23:19:00 [main] INFO  com.ui.pages.CommonPage - Reading vehicle details from file: car_output.txt for variant registration: SE06PPK
2024-11-07 23:19:00 [main] ERROR com.ui.pages.CommonPage - Error reading file: car_output.txt (The system cannot find the file specified)
2024-11-07 23:19:00 [main] INFO  stepDefinitions.ui.SearchPageSteps - Car details saved to file: car_output.txt
2024-11-07 23:19:01 [main] INFO  stepDefinitions.ui.SearchPageSteps - Comparing car details from file with car resale website values.
2024-11-07 23:19:01 [main] INFO  com.ui.pages.CommonPage - Comparing actual vehicle details with expected details from file.
2024-11-07 23:19:01 [main] INFO  stepDefinitions.support.ui.Hooks - Execution Completed for the scenario Car validations for re-sale cars
2024-11-07 23:19:03 [main] INFO  stepDefinitions.ui.SearchPageSteps - Launching 'We Buy Any Car' website.
2024-11-07 23:19:03 [main] INFO  com.ui.pages.CommonPage - Handling consent pop-up.
2024-11-07 23:19:03 [main] INFO  com.ui.pages.CommonPage - Consent accepted.
2024-11-07 23:19:07 [main] INFO  stepDefinitions.ui.SearchPageSteps - Searching car details with registration: TJ07KFT and mileage: 10000
2024-11-07 23:19:07 [main] INFO  com.ui.pages.CommonPage - Initiating vehicle search with registration: TJ07KFT and mileage: 10000
2024-11-07 23:20:17 [main] INFO  com.ui.pages.CommonPage - No consent pop-up visible.
2024-11-07 23:20:17 [main] INFO  stepDefinitions.ui.SearchPageSteps - Verifying car details for registration number: TJ07KFT
2024-11-07 23:20:17 [main] INFO  com.ui.pages.CommonPage - Fetching car details for variant: TJ07KFT and saving to file: car_output.txt
2024-11-07 23:20:17 [main] INFO  com.ui.pages.CommonPage - Reading vehicle details from file: car_output.txt for variant registration: TJ07KFT
2024-11-07 23:20:17 [main] ERROR com.ui.pages.CommonPage - Error reading file: car_output.txt (The system cannot find the file specified)
2024-11-07 23:20:17 [main] INFO  stepDefinitions.ui.SearchPageSteps - Car details saved to file: car_output.txt
2024-11-07 23:20:18 [main] INFO  stepDefinitions.ui.SearchPageSteps - Comparing car details from file with car resale website values.
2024-11-07 23:20:18 [main] INFO  com.ui.pages.CommonPage - Comparing actual vehicle details with expected details from file.
2024-11-07 23:20:18 [main] INFO  stepDefinitions.support.ui.Hooks - Execution Completed for the scenario Car validations for re-sale cars
2024-11-07 23:20:19 [main] INFO  stepDefinitions.ui.SearchPageSteps - Launching 'We Buy Any Car' website.
2024-11-07 23:20:19 [main] INFO  com.ui.pages.CommonPage - Handling consent pop-up.
2024-11-07 23:20:20 [main] INFO  com.ui.pages.CommonPage - Consent accepted.
2024-11-07 23:20:23 [main] INFO  stepDefinitions.ui.SearchPageSteps - Searching car details with registration: FD66YXH and mileage: 15000
2024-11-07 23:20:23 [main] INFO  com.ui.pages.CommonPage - Initiating vehicle search with registration: FD66YXH and mileage: 15000
2024-11-07 23:21:14 [main] INFO  stepDefinitions.ui.SearchPageSteps - Launching 'We Buy Any Car' website.
2024-11-07 23:21:14 [main] INFO  com.ui.pages.CommonPage - Handling consent pop-up.
2024-11-07 23:21:14 [main] INFO  com.ui.pages.CommonPage - Consent accepted.
2024-11-07 23:21:15 [main] INFO  stepDefinitions.ui.SearchPageSteps - Searching car details with registration: SE06PPK and mileage: 10000
2024-11-07 23:21:15 [main] INFO  com.ui.pages.CommonPage - Initiating vehicle search with registration: SE06PPK and mileage: 10000
2024-11-07 23:22:25 [main] INFO  com.ui.pages.CommonPage - No consent pop-up visible.
2024-11-07 23:22:25 [main] INFO  stepDefinitions.ui.SearchPageSteps - Verifying car details for registration number: SE06PPK
2024-11-07 23:22:25 [main] INFO  com.ui.pages.CommonPage - Fetching car details for variant: SE06PPK and saving to file: car_output.txt
2024-11-07 23:22:25 [main] INFO  com.ui.pages.CommonPage - Reading vehicle details from file: car_output.txt for variant registration: SE06PPK
2024-11-07 23:22:25 [main] INFO  stepDefinitions.ui.SearchPageSteps - Car details saved to file: car_output.txt
2024-11-07 23:22:26 [main] INFO  stepDefinitions.ui.SearchPageSteps - Comparing car details from file with car resale website values.
2024-11-07 23:22:26 [main] INFO  com.ui.pages.CommonPage - Comparing actual vehicle details with expected details from file.
2024-11-07 23:22:26 [main] INFO  com.ui.pages.CommonPage - Registration number matches.
2024-11-07 23:22:26 [main] INFO  com.ui.pages.CommonPage - Manufacturer matches.
2024-11-07 23:22:26 [main] INFO  stepDefinitions.ui.SearchPageSteps - Comparison of car details completed.
2024-11-07 23:22:26 [main] INFO  stepDefinitions.support.ui.Hooks - Execution Completed for the scenario Car validations for re-sale cars
2024-11-07 23:22:29 [main] INFO  stepDefinitions.ui.SearchPageSteps - Launching 'We Buy Any Car' website.
2024-11-07 23:22:29 [main] INFO  com.ui.pages.CommonPage - Handling consent pop-up.
2024-11-07 23:22:29 [main] INFO  com.ui.pages.CommonPage - Consent accepted.
2024-11-07 23:22:33 [main] INFO  stepDefinitions.ui.SearchPageSteps - Searching car details with registration: TJ07KFT and mileage: 10000
2024-11-07 23:22:33 [main] INFO  com.ui.pages.CommonPage - Initiating vehicle search with registration: TJ07KFT and mileage: 10000
2024-11-07 23:23:44 [main] INFO  com.ui.pages.CommonPage - No consent pop-up visible.
2024-11-07 23:23:44 [main] INFO  stepDefinitions.ui.SearchPageSteps - Verifying car details for registration number: TJ07KFT
2024-11-07 23:23:44 [main] INFO  com.ui.pages.CommonPage - Fetching car details for variant: TJ07KFT and saving to file: car_output.txt
2024-11-07 23:23:44 [main] INFO  com.ui.pages.CommonPage - Reading vehicle details from file: car_output.txt for variant registration: TJ07KFT
2024-11-07 23:23:44 [main] WARN  com.ui.pages.CommonPage - No details found in file for variant registration: TJ07KFT
2024-11-07 23:23:44 [main] WARN  com.ui.pages.CommonPage - No vehicle found for variant: TJ07KFT
2024-11-07 23:23:44 [main] INFO  stepDefinitions.ui.SearchPageSteps - Car details saved to file: car_output.txt
2024-11-07 23:23:44 [main] INFO  stepDefinitions.ui.SearchPageSteps - Comparing car details from file with car resale website values.
2024-11-07 23:23:44 [main] INFO  com.ui.pages.CommonPage - Comparing actual vehicle details with expected details from file.
2024-11-07 23:23:45 [main] INFO  stepDefinitions.support.ui.Hooks - Execution Completed for the scenario Car validations for re-sale cars
2024-11-07 23:23:46 [main] INFO  stepDefinitions.ui.SearchPageSteps - Launching 'We Buy Any Car' website.
2024-11-07 23:23:46 [main] INFO  com.ui.pages.CommonPage - Handling consent pop-up.
2024-11-07 23:23:47 [main] INFO  com.ui.pages.CommonPage - Consent accepted.
2024-11-07 23:23:50 [main] INFO  stepDefinitions.ui.SearchPageSteps - Searching car details with registration: FD66YXH and mileage: 15000
2024-11-07 23:23:50 [main] INFO  com.ui.pages.CommonPage - Initiating vehicle search with registration: FD66YXH and mileage: 15000
2024-11-07 23:25:00 [main] INFO  com.ui.pages.CommonPage - No consent pop-up visible.
2024-11-07 23:25:00 [main] INFO  stepDefinitions.ui.SearchPageSteps - Verifying car details for registration number: FD66YXH
2024-11-07 23:25:00 [main] INFO  com.ui.pages.CommonPage - Fetching car details for variant: FD66YXH and saving to file: car_output.txt
2024-11-07 23:25:00 [main] INFO  com.ui.pages.CommonPage - Reading vehicle details from file: car_output.txt for variant registration: FD66YXH
2024-11-07 23:25:00 [main] WARN  com.ui.pages.CommonPage - No details found in file for variant registration: FD66YXH
2024-11-07 23:25:00 [main] WARN  com.ui.pages.CommonPage - No vehicle found for variant: FD66YXH
2024-11-07 23:25:00 [main] INFO  stepDefinitions.ui.SearchPageSteps - Car details saved to file: car_output.txt
2024-11-07 23:25:01 [main] INFO  stepDefinitions.ui.SearchPageSteps - Comparing car details from file with car resale website values.
2024-11-07 23:25:01 [main] INFO  com.ui.pages.CommonPage - Comparing actual vehicle details with expected details from file.
2024-11-07 23:25:01 [main] INFO  stepDefinitions.support.ui.Hooks - Execution Completed for the scenario Car validations for re-sale cars
2024-11-07 23:25:02 [main] INFO  stepDefinitions.ui.SearchPageSteps - Launching 'We Buy Any Car' website.
2024-11-07 23:25:02 [main] INFO  com.ui.pages.CommonPage - Handling consent pop-up.
2024-11-07 23:25:03 [main] INFO  com.ui.pages.CommonPage - Consent accepted.
2024-11-07 23:25:06 [main] INFO  stepDefinitions.ui.SearchPageSteps - Searching car details with registration: PF59FBC and mileage: 16000
2024-11-07 23:25:06 [main] INFO  com.ui.pages.CommonPage - Initiating vehicle search with registration: PF59FBC and mileage: 16000
2024-11-07 23:26:47 [main] INFO  stepDefinitions.ui.SearchPageSteps - Launching 'We Buy Any Car' website.
2024-11-07 23:26:47 [main] INFO  com.ui.pages.CommonPage - Handling consent pop-up.
2024-11-07 23:26:47 [main] INFO  com.ui.pages.CommonPage - Consent accepted.
2024-11-07 23:26:57 [main] INFO  stepDefinitions.ui.SearchPageSteps - Searching car details with registration: SE06PPK and mileage: 10000
2024-11-07 23:26:57 [main] INFO  com.ui.pages.CommonPage - Initiating vehicle search with registration: SE06PPK and mileage: 10000
2024-11-07 23:28:07 [main] INFO  com.ui.pages.CommonPage - No consent pop-up visible.
2024-11-07 23:28:07 [main] INFO  stepDefinitions.ui.SearchPageSteps - Verifying car details for registration number: SE06PPK
2024-11-07 23:28:07 [main] INFO  com.ui.pages.CommonPage - Fetching car details for variant: SE06PPK and saving to file: car_output.txt
2024-11-07 23:28:07 [main] INFO  com.ui.pages.CommonPage - Reading vehicle details from file: car_output.txt for variant registration: SE06PPK
2024-11-07 23:28:07 [main] INFO  stepDefinitions.ui.SearchPageSteps - Car details saved to file: car_output.txt
2024-11-07 23:28:07 [main] INFO  stepDefinitions.ui.SearchPageSteps - Comparing car details from file with car resale website values.
2024-11-07 23:28:07 [main] INFO  com.ui.pages.CommonPage - Comparing actual vehicle details with expected details from file.
2024-11-07 23:28:48 [main] INFO  com.ui.pages.CommonPage - Registration number matches.
2024-11-07 23:28:48 [main] INFO  com.ui.pages.CommonPage - Manufacturer matches.
2024-11-07 23:28:48 [main] INFO  stepDefinitions.ui.SearchPageSteps - Comparison of car details completed.
2024-11-07 23:28:49 [main] INFO  stepDefinitions.support.ui.Hooks - Execution Completed for the scenario Car validations for re-sale cars
2024-11-07 23:28:54 [main] INFO  stepDefinitions.ui.SearchPageSteps - Launching 'We Buy Any Car' website.
2024-11-07 23:28:54 [main] INFO  com.ui.pages.CommonPage - Handling consent pop-up.
2024-11-07 23:28:59 [main] INFO  com.ui.pages.CommonPage - Consent accepted.
2024-11-07 23:28:59 [main] INFO  stepDefinitions.ui.SearchPageSteps - Searching car details with registration: TJ07KFT and mileage: 10000
2024-11-07 23:28:59 [main] INFO  com.ui.pages.CommonPage - Initiating vehicle search with registration: TJ07KFT and mileage: 10000
2024-11-07 23:30:09 [main] INFO  com.ui.pages.CommonPage - No consent pop-up visible.
2024-11-07 23:30:09 [main] INFO  stepDefinitions.ui.SearchPageSteps - Verifying car details for registration number: TJ07KFT
2024-11-07 23:30:09 [main] INFO  com.ui.pages.CommonPage - Fetching car details for variant: TJ07KFT and saving to file: car_output.txt
2024-11-07 23:30:09 [main] INFO  com.ui.pages.CommonPage - Reading vehicle details from file: car_output.txt for variant registration: TJ07KFT
2024-11-07 23:30:09 [main] WARN  com.ui.pages.CommonPage - No details found in file for variant registration: TJ07KFT
2024-11-07 23:30:09 [main] INFO  stepDefinitions.ui.SearchPageSteps - Car details saved to file: car_output.txt
2024-11-07 23:30:10 [main] INFO  stepDefinitions.ui.SearchPageSteps - Comparing car details from file with car resale website values.
2024-11-07 23:30:10 [main] INFO  com.ui.pages.CommonPage - Comparing actual vehicle details with expected details from file.
2024-11-07 23:30:10 [main] INFO  com.ui.pages.CommonPage - Registration number matches.
2024-11-07 23:30:10 [main] INFO  com.ui.pages.CommonPage - Manufacturer matches.
2024-11-07 23:30:10 [main] INFO  stepDefinitions.ui.SearchPageSteps - Comparison of car details completed.
2024-11-07 23:30:10 [main] INFO  stepDefinitions.support.ui.Hooks - Execution Completed for the scenario Car validations for re-sale cars
2024-11-07 23:30:11 [main] INFO  stepDefinitions.ui.SearchPageSteps - Launching 'We Buy Any Car' website.
2024-11-07 23:30:11 [main] INFO  com.ui.pages.CommonPage - Handling consent pop-up.
2024-11-07 23:30:12 [main] INFO  com.ui.pages.CommonPage - Consent accepted.
2024-11-07 23:30:15 [main] INFO  stepDefinitions.ui.SearchPageSteps - Searching car details with registration: FD66YXH and mileage: 15000
2024-11-07 23:30:15 [main] INFO  com.ui.pages.CommonPage - Initiating vehicle search with registration: FD66YXH and mileage: 15000
2024-11-07 23:31:25 [main] INFO  com.ui.pages.CommonPage - No consent pop-up visible.
2024-11-07 23:31:25 [main] INFO  stepDefinitions.ui.SearchPageSteps - Verifying car details for registration number: FD66YXH
2024-11-07 23:31:25 [main] INFO  com.ui.pages.CommonPage - Fetching car details for variant: FD66YXH and saving to file: car_output.txt
2024-11-07 23:31:25 [main] INFO  com.ui.pages.CommonPage - Reading vehicle details from file: car_output.txt for variant registration: FD66YXH
2024-11-07 23:31:25 [main] WARN  com.ui.pages.CommonPage - No details found in file for variant registration: FD66YXH
2024-11-07 23:31:25 [main] WARN  com.ui.pages.CommonPage - No details found in file for variant registration: FD66YXH
2024-11-07 23:31:25 [main] INFO  stepDefinitions.ui.SearchPageSteps - Car details saved to file: car_output.txt
2024-11-07 23:31:25 [main] INFO  stepDefinitions.ui.SearchPageSteps - Comparing car details from file with car resale website values.
2024-11-07 23:31:25 [main] INFO  com.ui.pages.CommonPage - Comparing actual vehicle details with expected details from file.
2024-11-07 23:31:25 [main] INFO  com.ui.pages.CommonPage - Registration number matches.
2024-11-07 23:31:25 [main] INFO  com.ui.pages.CommonPage - Manufacturer matches.
2024-11-07 23:31:25 [main] INFO  stepDefinitions.ui.SearchPageSteps - Comparison of car details completed.
2024-11-07 23:31:26 [main] INFO  stepDefinitions.support.ui.Hooks - Execution Completed for the scenario Car validations for re-sale cars
2024-11-07 23:31:27 [main] INFO  stepDefinitions.ui.SearchPageSteps - Launching 'We Buy Any Car' website.
2024-11-07 23:31:27 [main] INFO  com.ui.pages.CommonPage - Handling consent pop-up.
2024-11-07 23:31:27 [main] INFO  com.ui.pages.CommonPage - Consent accepted.
2024-11-07 23:31:30 [main] INFO  stepDefinitions.ui.SearchPageSteps - Searching car details with registration: PF59FBC and mileage: 16000
2024-11-07 23:31:30 [main] INFO  com.ui.pages.CommonPage - Initiating vehicle search with registration: PF59FBC and mileage: 16000
2024-11-07 23:32:40 [main] INFO  com.ui.pages.CommonPage - No consent pop-up visible.
2024-11-07 23:32:40 [main] INFO  stepDefinitions.ui.SearchPageSteps - Verifying car details for registration number: PF59FBC
2024-11-07 23:32:40 [main] INFO  com.ui.pages.CommonPage - Fetching car details for variant: PF59FBC and saving to file: car_output.txt
2024-11-07 23:32:40 [main] INFO  com.ui.pages.CommonPage - Reading vehicle details from file: car_output.txt for variant registration: PF59FBC
2024-11-07 23:32:40 [main] WARN  com.ui.pages.CommonPage - No details found in file for variant registration: PF59FBC
2024-11-07 23:32:40 [main] WARN  com.ui.pages.CommonPage - No details found in file for variant registration: PF59FBC
2024-11-07 23:32:40 [main] WARN  com.ui.pages.CommonPage - No details found in file for variant registration: PF59FBC
2024-11-07 23:32:40 [main] INFO  stepDefinitions.ui.SearchPageSteps - Car details saved to file: car_output.txt
2024-11-07 23:32:40 [main] INFO  stepDefinitions.ui.SearchPageSteps - Comparing car details from file with car resale website values.
2024-11-07 23:32:40 [main] INFO  com.ui.pages.CommonPage - Comparing actual vehicle details with expected details from file.
2024-11-07 23:32:40 [main] INFO  com.ui.pages.CommonPage - Registration number matches.
2024-11-07 23:32:40 [main] INFO  com.ui.pages.CommonPage - Manufacturer matches.
2024-11-07 23:32:40 [main] INFO  stepDefinitions.ui.SearchPageSteps - Comparison of car details completed.
2024-11-07 23:32:41 [main] INFO  stepDefinitions.support.ui.Hooks - Execution Completed for the scenario Car validations for re-sale cars
2024-11-07 23:33:06 [main] INFO  stepDefinitions.ui.SearchPageSteps - Launching 'We Buy Any Car' website.
2024-11-07 23:33:06 [main] INFO  com.ui.pages.CommonPage - Handling consent pop-up.
2024-11-07 23:33:06 [main] INFO  com.ui.pages.CommonPage - Consent accepted.
2024-11-07 23:33:08 [main] INFO  stepDefinitions.ui.SearchPageSteps - Searching car details with registration: SE06PPK and mileage: 10000
2024-11-07 23:33:08 [main] INFO  com.ui.pages.CommonPage - Initiating vehicle search with registration: SE06PPK and mileage: 10000
2024-11-07 23:34:18 [main] INFO  com.ui.pages.CommonPage - No consent pop-up visible.
2024-11-07 23:34:18 [main] INFO  stepDefinitions.ui.SearchPageSteps - Verifying car details for registration number: SE06PPK
2024-11-07 23:34:18 [main] INFO  com.ui.pages.CommonPage - Fetching car details for variant: SE06PPK and saving to file: car_output.txt
2024-11-07 23:34:18 [main] INFO  stepDefinitions.ui.SearchPageSteps - Car details saved to file: car_output.txt
2024-11-07 23:34:18 [main] INFO  stepDefinitions.ui.SearchPageSteps - Comparing car details from file with car resale website values.
2024-11-07 23:34:18 [main] INFO  stepDefinitions.ui.SearchPageSteps - Comparison of car details completed.
2024-11-07 23:34:19 [main] INFO  stepDefinitions.support.ui.Hooks - Execution Completed for the scenario Car validations for re-sale cars
2024-11-07 23:34:21 [main] INFO  stepDefinitions.ui.SearchPageSteps - Launching 'We Buy Any Car' website.
2024-11-07 23:34:21 [main] INFO  com.ui.pages.CommonPage - Handling consent pop-up.
2024-11-07 23:34:21 [main] INFO  com.ui.pages.CommonPage - Consent accepted.
2024-11-07 23:34:24 [main] INFO  stepDefinitions.ui.SearchPageSteps - Searching car details with registration: TJ07KFT and mileage: 10000
2024-11-07 23:34:24 [main] INFO  com.ui.pages.CommonPage - Initiating vehicle search with registration: TJ07KFT and mileage: 10000
2024-11-07 23:35:34 [main] INFO  com.ui.pages.CommonPage - No consent pop-up visible.
2024-11-07 23:35:34 [main] INFO  stepDefinitions.ui.SearchPageSteps - Verifying car details for registration number: TJ07KFT
2024-11-07 23:35:34 [main] INFO  com.ui.pages.CommonPage - Fetching car details for variant: TJ07KFT and saving to file: car_output.txt
2024-11-07 23:35:34 [main] INFO  stepDefinitions.ui.SearchPageSteps - Car details saved to file: car_output.txt
2024-11-07 23:35:34 [main] INFO  stepDefinitions.ui.SearchPageSteps - Comparing car details from file with car resale website values.
2024-11-07 23:35:34 [main] INFO  stepDefinitions.ui.SearchPageSteps - Comparison of car details completed.
2024-11-07 23:35:35 [main] INFO  stepDefinitions.support.ui.Hooks - Execution Completed for the scenario Car validations for re-sale cars
2024-11-07 23:35:36 [main] INFO  stepDefinitions.ui.SearchPageSteps - Launching 'We Buy Any Car' website.
2024-11-07 23:35:36 [main] INFO  com.ui.pages.CommonPage - Handling consent pop-up.
2024-11-07 23:35:36 [main] INFO  com.ui.pages.CommonPage - Consent accepted.
2024-11-07 23:35:38 [main] INFO  stepDefinitions.ui.SearchPageSteps - Searching car details with registration: FD66YXH and mileage: 15000
2024-11-07 23:35:38 [main] INFO  com.ui.pages.CommonPage - Initiating vehicle search with registration: FD66YXH and mileage: 15000
2024-11-07 23:36:48 [main] INFO  com.ui.pages.CommonPage - No consent pop-up visible.
2024-11-07 23:36:48 [main] INFO  stepDefinitions.ui.SearchPageSteps - Verifying car details for registration number: FD66YXH
2024-11-07 23:36:48 [main] INFO  com.ui.pages.CommonPage - Fetching car details for variant: FD66YXH and saving to file: car_output.txt
2024-11-07 23:36:48 [main] INFO  stepDefinitions.ui.SearchPageSteps - Car details saved to file: car_output.txt
2024-11-07 23:36:49 [main] INFO  stepDefinitions.ui.SearchPageSteps - Comparing car details from file with car resale website values.
2024-11-07 23:36:49 [main] INFO  stepDefinitions.ui.SearchPageSteps - Comparison of car details completed.
2024-11-07 23:36:49 [main] INFO  stepDefinitions.support.ui.Hooks - Execution Completed for the scenario Car validations for re-sale cars
2024-11-07 23:36:50 [main] INFO  stepDefinitions.ui.SearchPageSteps - Launching 'We Buy Any Car' website.
2024-11-07 23:36:50 [main] INFO  com.ui.pages.CommonPage - Handling consent pop-up.
2024-11-07 23:36:51 [main] INFO  com.ui.pages.CommonPage - Consent accepted.
2024-11-07 23:36:53 [main] INFO  stepDefinitions.ui.SearchPageSteps - Searching car details with registration: PF59FBC and mileage: 16000
2024-11-07 23:36:53 [main] INFO  com.ui.pages.CommonPage - Initiating vehicle search with registration: PF59FBC and mileage: 16000
2024-11-07 23:38:03 [main] INFO  com.ui.pages.CommonPage - No consent pop-up visible.
2024-11-07 23:38:03 [main] INFO  stepDefinitions.ui.SearchPageSteps - Verifying car details for registration number: PF59FBC
2024-11-07 23:38:03 [main] INFO  com.ui.pages.CommonPage - Fetching car details for variant: PF59FBC and saving to file: car_output.txt
2024-11-07 23:38:04 [main] INFO  stepDefinitions.ui.SearchPageSteps - Car details saved to file: car_output.txt
2024-11-07 23:38:04 [main] INFO  stepDefinitions.ui.SearchPageSteps - Comparing car details from file with car resale website values.
2024-11-07 23:38:04 [main] INFO  stepDefinitions.ui.SearchPageSteps - Comparison of car details completed.
2024-11-07 23:38:05 [main] INFO  stepDefinitions.support.ui.Hooks - Execution Completed for the scenario Car validations for re-sale cars
2024-11-07 23:46:25 [main] INFO  stepDefinitions.ui.SearchPageSteps - Launching 'We Buy Any Car' website.
2024-11-07 23:46:25 [main] INFO  com.ui.pages.CommonPage - Handling consent pop-up.
2024-11-07 23:46:26 [main] INFO  com.ui.pages.CommonPage - Consent accepted.
2024-11-07 23:46:29 [main] INFO  stepDefinitions.ui.SearchPageSteps - Searching car details with registration: SE06PPK and mileage: 10000
2024-11-07 23:46:29 [main] INFO  com.ui.pages.CommonPage - Initiating vehicle search with registration: SE06PPK and mileage: 10000
2024-11-07 23:47:39 [main] INFO  com.ui.pages.CommonPage - No consent pop-up visible.
2024-11-07 23:47:39 [main] INFO  stepDefinitions.ui.SearchPageSteps - Verifying car details for registration number: SE06PPK
2024-11-07 23:47:39 [main] INFO  com.ui.pages.CommonPage - Fetching car details for variant: SE06PPK and saving to file: car_output.txt
2024-11-07 23:47:39 [main] INFO  stepDefinitions.ui.SearchPageSteps - Car details saved to file: car_output.txt
2024-11-07 23:47:40 [main] INFO  stepDefinitions.ui.SearchPageSteps - Comparing car details from file with car resale website values.
2024-11-07 23:47:40 [main] INFO  stepDefinitions.ui.SearchPageSteps - Comparison of car details completed.
2024-11-07 23:47:40 [main] INFO  stepDefinitions.support.ui.Hooks - Execution Completed for the scenario Car validations for re-sale cars
2024-11-07 23:47:42 [main] INFO  stepDefinitions.ui.SearchPageSteps - Launching 'We Buy Any Car' website.
2024-11-07 23:47:42 [main] INFO  com.ui.pages.CommonPage - Handling consent pop-up.
2024-11-07 23:47:42 [main] INFO  com.ui.pages.CommonPage - Consent accepted.
2024-11-07 23:47:46 [main] INFO  stepDefinitions.ui.SearchPageSteps - Searching car details with registration: TJ07KFT and mileage: 10000
2024-11-07 23:47:46 [main] INFO  com.ui.pages.CommonPage - Initiating vehicle search with registration: TJ07KFT and mileage: 10000
2024-11-07 23:48:56 [main] INFO  com.ui.pages.CommonPage - No consent pop-up visible.
2024-11-07 23:48:56 [main] INFO  stepDefinitions.ui.SearchPageSteps - Verifying car details for registration number: TJ07KFT
2024-11-07 23:48:56 [main] INFO  com.ui.pages.CommonPage - Fetching car details for variant: TJ07KFT and saving to file: car_output.txt
2024-11-07 23:48:56 [main] INFO  stepDefinitions.ui.SearchPageSteps - Car details saved to file: car_output.txt
2024-11-07 23:48:56 [main] INFO  stepDefinitions.ui.SearchPageSteps - Comparing car details from file with car resale website values.
2024-11-07 23:48:56 [main] INFO  stepDefinitions.ui.SearchPageSteps - Comparison of car details completed.
2024-11-07 23:48:57 [main] INFO  stepDefinitions.support.ui.Hooks - Execution Completed for the scenario Car validations for re-sale cars
2024-11-07 23:48:58 [main] INFO  stepDefinitions.ui.SearchPageSteps - Launching 'We Buy Any Car' website.
2024-11-07 23:48:58 [main] INFO  com.ui.pages.CommonPage - Handling consent pop-up.
2024-11-07 23:48:59 [main] INFO  com.ui.pages.CommonPage - Consent accepted.
2024-11-07 23:49:03 [main] INFO  stepDefinitions.ui.SearchPageSteps - Searching car details with registration: FD66YXH and mileage: 15000
2024-11-07 23:49:03 [main] INFO  com.ui.pages.CommonPage - Initiating vehicle search with registration: FD66YXH and mileage: 15000
2024-11-07 23:50:14 [main] INFO  com.ui.pages.CommonPage - No consent pop-up visible.
2024-11-07 23:50:14 [main] INFO  stepDefinitions.ui.SearchPageSteps - Verifying car details for registration number: FD66YXH
2024-11-07 23:50:14 [main] INFO  com.ui.pages.CommonPage - Fetching car details for variant: FD66YXH and saving to file: car_output.txt
2024-11-07 23:50:14 [main] INFO  stepDefinitions.ui.SearchPageSteps - Car details saved to file: car_output.txt
2024-11-07 23:50:14 [main] INFO  stepDefinitions.ui.SearchPageSteps - Comparing car details from file with car resale website values.
2024-11-07 23:50:14 [main] INFO  stepDefinitions.ui.SearchPageSteps - Comparison of car details completed.
2024-11-07 23:50:15 [main] INFO  stepDefinitions.support.ui.Hooks - Execution Completed for the scenario Car validations for re-sale cars
2024-11-07 23:50:16 [main] INFO  stepDefinitions.ui.SearchPageSteps - Launching 'We Buy Any Car' website.
2024-11-07 23:50:16 [main] INFO  com.ui.pages.CommonPage - Handling consent pop-up.
2024-11-07 23:50:17 [main] INFO  com.ui.pages.CommonPage - Consent accepted.
2024-11-07 23:50:20 [main] INFO  stepDefinitions.ui.SearchPageSteps - Searching car details with registration: PF59FBC and mileage: 16000
2024-11-07 23:50:20 [main] INFO  com.ui.pages.CommonPage - Initiating vehicle search with registration: PF59FBC and mileage: 16000
2024-11-07 23:51:30 [main] INFO  com.ui.pages.CommonPage - No consent pop-up visible.
2024-11-07 23:51:30 [main] INFO  stepDefinitions.ui.SearchPageSteps - Verifying car details for registration number: PF59FBC
2024-11-07 23:51:30 [main] INFO  com.ui.pages.CommonPage - Fetching car details for variant: PF59FBC and saving to file: car_output.txt
2024-11-07 23:51:30 [main] INFO  stepDefinitions.ui.SearchPageSteps - Car details saved to file: car_output.txt
2024-11-07 23:51:30 [main] INFO  stepDefinitions.ui.SearchPageSteps - Comparing car details from file with car resale website values.
2024-11-07 23:51:30 [main] INFO  stepDefinitions.ui.SearchPageSteps - Comparison of car details completed.
2024-11-07 23:51:31 [main] INFO  stepDefinitions.support.ui.Hooks - Execution Completed for the scenario Car validations for re-sale cars
2024-11-08 06:03:47 [main] INFO  stepDefinitions.ui.SearchPageSteps - Launching 'We Buy Any Car' website.
2024-11-08 06:03:47 [main] INFO  com.ui.pages.CommonPage - Handling consent pop-up.
2024-11-08 06:03:47 [main] INFO  com.ui.pages.CommonPage - Consent accepted.
2024-11-08 06:03:49 [main] INFO  stepDefinitions.ui.SearchPageSteps - Searching car details with registration: SE06PPK and mileage: 10000
2024-11-08 06:03:49 [main] INFO  com.ui.pages.CommonPage - Initiating vehicle search with registration: SE06PPK and mileage: 10000
2024-11-08 06:04:59 [main] INFO  com.ui.pages.CommonPage - No consent pop-up visible.
2024-11-08 06:04:59 [main] INFO  stepDefinitions.ui.SearchPageSteps - Verifying car details for registration number: SE06PPK
2024-11-08 06:04:59 [main] INFO  com.ui.pages.CommonPage - Fetching car details for variant: SE06PPK and saving to file: car_output.txt
2024-11-08 06:04:59 [main] INFO  stepDefinitions.ui.SearchPageSteps - Car details saved to file: car_output.txt
2024-11-08 06:04:59 [main] INFO  stepDefinitions.ui.SearchPageSteps - Comparing car details from file with car resale website values.
2024-11-08 06:04:59 [main] INFO  stepDefinitions.ui.SearchPageSteps - Comparison of car details completed.
2024-11-08 06:05:00 [main] INFO  stepDefinitions.support.ui.Hooks - Execution Completed for the scenario Car validations for re-sale cars
2024-11-08 06:05:06 [main] INFO  stepDefinitions.ui.SearchPageSteps - Launching 'We Buy Any Car' website.
2024-11-08 06:05:06 [main] INFO  com.ui.pages.CommonPage - Handling consent pop-up.
2024-11-08 06:05:10 [main] INFO  com.ui.pages.CommonPage - Consent accepted.
2024-11-08 06:05:10 [main] INFO  stepDefinitions.ui.SearchPageSteps - Searching car details with registration: TJ07KFT and mileage: 10000
2024-11-08 06:05:10 [main] INFO  com.ui.pages.CommonPage - Initiating vehicle search with registration: TJ07KFT and mileage: 10000
2024-11-08 06:06:21 [main] INFO  com.ui.pages.CommonPage - No consent pop-up visible.
2024-11-08 06:06:21 [main] INFO  stepDefinitions.ui.SearchPageSteps - Verifying car details for registration number: TJ07KFT
2024-11-08 06:06:21 [main] INFO  com.ui.pages.CommonPage - Fetching car details for variant: TJ07KFT and saving to file: car_output.txt
2024-11-08 06:06:21 [main] INFO  stepDefinitions.ui.SearchPageSteps - Car details saved to file: car_output.txt
2024-11-08 06:06:21 [main] INFO  stepDefinitions.ui.SearchPageSteps - Comparing car details from file with car resale website values.
2024-11-08 06:06:21 [main] INFO  stepDefinitions.ui.SearchPageSteps - Comparison of car details completed.
2024-11-08 06:06:22 [main] INFO  stepDefinitions.support.ui.Hooks - Execution Completed for the scenario Car validations for re-sale cars
2024-11-08 06:06:23 [main] INFO  stepDefinitions.ui.SearchPageSteps - Launching 'We Buy Any Car' website.
2024-11-08 06:06:23 [main] INFO  com.ui.pages.CommonPage - Handling consent pop-up.
2024-11-08 06:06:24 [main] INFO  com.ui.pages.CommonPage - Consent accepted.
2024-11-08 06:06:27 [main] INFO  stepDefinitions.ui.SearchPageSteps - Searching car details with registration: FD66YXH and mileage: 15000
2024-11-08 06:06:27 [main] INFO  com.ui.pages.CommonPage - Initiating vehicle search with registration: FD66YXH and mileage: 15000
2024-11-08 06:19:57 [main] INFO  stepDefinitions.ui.SearchPageSteps - Launching 'We Buy Any Car' website.
2024-11-08 06:19:57 [main] INFO  com.ui.pages.CommonPage - Handling consent pop-up.
2024-11-08 06:19:57 [main] INFO  com.ui.pages.CommonPage - Consent accepted.
2024-11-08 06:20:00 [main] INFO  stepDefinitions.ui.SearchPageSteps - Searching car details with registration: SE06PPK and mileage: 10000
2024-11-08 06:20:00 [main] INFO  com.ui.pages.CommonPage - Initiating vehicle search with registration: SE06PPK and mileage: 10000
2024-11-08 06:21:10 [main] INFO  com.ui.pages.CommonPage - No consent pop-up visible.
2024-11-08 06:21:10 [main] INFO  stepDefinitions.ui.SearchPageSteps - Verifying car details for registration number: SE06PPK
2024-11-08 06:21:10 [main] INFO  com.ui.pages.CommonPage - Fetching car details for variant: SE06PPK and saving to file: car_output.txt
2024-11-08 06:21:10 [main] INFO  stepDefinitions.ui.SearchPageSteps - Car details saved to file: car_output.txt
2024-11-08 06:21:11 [main] INFO  stepDefinitions.ui.SearchPageSteps - Comparing car details from file with car resale website values.
2024-11-08 06:21:11 [main] INFO  stepDefinitions.ui.SearchPageSteps - Comparison of car details completed.
2024-11-08 06:21:11 [main] INFO  stepDefinitions.support.ui.Hooks - Execution Completed for the scenario Car validations for re-sale cars
2024-11-08 06:21:13 [main] INFO  stepDefinitions.ui.SearchPageSteps - Launching 'We Buy Any Car' website.
2024-11-08 06:21:13 [main] INFO  com.ui.pages.CommonPage - Handling consent pop-up.
2024-11-08 06:21:13 [main] INFO  com.ui.pages.CommonPage - Consent accepted.
2024-11-08 06:21:16 [main] INFO  stepDefinitions.ui.SearchPageSteps - Searching car details with registration: TJ07KFT and mileage: 10000
2024-11-08 06:21:16 [main] INFO  com.ui.pages.CommonPage - Initiating vehicle search with registration: TJ07KFT and mileage: 10000
2024-11-08 06:22:26 [main] INFO  com.ui.pages.CommonPage - No consent pop-up visible.
2024-11-08 06:22:26 [main] INFO  stepDefinitions.ui.SearchPageSteps - Verifying car details for registration number: TJ07KFT
2024-11-08 06:22:26 [main] INFO  com.ui.pages.CommonPage - Fetching car details for variant: TJ07KFT and saving to file: car_output.txt
2024-11-08 06:22:27 [main] INFO  stepDefinitions.ui.SearchPageSteps - Car details saved to file: car_output.txt
2024-11-08 06:22:27 [main] INFO  stepDefinitions.ui.SearchPageSteps - Comparing car details from file with car resale website values.
2024-11-08 06:22:27 [main] INFO  stepDefinitions.ui.SearchPageSteps - Comparison of car details completed.
2024-11-08 06:22:28 [main] INFO  stepDefinitions.support.ui.Hooks - Execution Completed for the scenario Car validations for re-sale cars
2024-11-08 06:22:29 [main] INFO  stepDefinitions.ui.SearchPageSteps - Launching 'We Buy Any Car' website.
2024-11-08 06:22:29 [main] INFO  com.ui.pages.CommonPage - Handling consent pop-up.
2024-11-08 06:22:30 [main] INFO  com.ui.pages.CommonPage - Consent accepted.
2024-11-08 06:22:32 [main] INFO  stepDefinitions.ui.SearchPageSteps - Searching car details with registration: FD66YXH and mileage: 15000
2024-11-08 06:22:32 [main] INFO  com.ui.pages.CommonPage - Initiating vehicle search with registration: FD66YXH and mileage: 15000
2024-11-08 06:23:42 [main] INFO  com.ui.pages.CommonPage - No consent pop-up visible.
2024-11-08 06:23:43 [main] INFO  stepDefinitions.ui.SearchPageSteps - Verifying car details for registration number: FD66YXH
2024-11-08 06:23:43 [main] INFO  com.ui.pages.CommonPage - Fetching car details for variant: FD66YXH and saving to file: car_output.txt
2024-11-08 06:23:43 [main] INFO  stepDefinitions.ui.SearchPageSteps - Car details saved to file: car_output.txt
2024-11-08 06:23:43 [main] INFO  stepDefinitions.ui.SearchPageSteps - Comparing car details from file with car resale website values.
2024-11-08 06:23:43 [main] INFO  stepDefinitions.ui.SearchPageSteps - Comparison of car details completed.
2024-11-08 06:23:44 [main] INFO  stepDefinitions.support.ui.Hooks - Execution Completed for the scenario Car validations for re-sale cars
2024-11-08 06:23:45 [main] INFO  stepDefinitions.ui.SearchPageSteps - Launching 'We Buy Any Car' website.
2024-11-08 06:23:45 [main] INFO  com.ui.pages.CommonPage - Handling consent pop-up.
2024-11-08 06:23:45 [main] INFO  com.ui.pages.CommonPage - Consent accepted.
2024-11-08 06:23:48 [main] INFO  stepDefinitions.ui.SearchPageSteps - Searching car details with registration: PF59FBC and mileage: 16000
2024-11-08 06:23:48 [main] INFO  com.ui.pages.CommonPage - Initiating vehicle search with registration: PF59FBC and mileage: 16000
2024-11-08 06:24:58 [main] INFO  com.ui.pages.CommonPage - No consent pop-up visible.
2024-11-08 06:24:58 [main] INFO  stepDefinitions.ui.SearchPageSteps - Verifying car details for registration number: PF59FBC
2024-11-08 06:24:58 [main] INFO  com.ui.pages.CommonPage - Fetching car details for variant: PF59FBC and saving to file: car_output.txt
2024-11-08 06:24:58 [main] INFO  stepDefinitions.ui.SearchPageSteps - Car details saved to file: car_output.txt
2024-11-08 06:24:58 [main] INFO  stepDefinitions.ui.SearchPageSteps - Comparing car details from file with car resale website values.
2024-11-08 06:24:58 [main] INFO  stepDefinitions.ui.SearchPageSteps - Comparison of car details completed.
2024-11-08 06:24:59 [main] INFO  stepDefinitions.support.ui.Hooks - Execution Completed for the scenario Car validations for re-sale cars
